

============================== 2022-08-29 11:30:28.059764 | a23bd5d0-2bed-474f-8f08-3c9f4c65e502 ==============================
[0m11:30:28.059764 [info ] [MainThread]: Running with dbt=1.2.1
[0m11:30:28.059764 [debug] [MainThread]: running dbt with arguments {'write_json': True, 'use_colors': True, 'printer_width': 80, 'version_check': True, 'partial_parse': True, 'static_parser': True, 'profiles_dir': 'C:\\Users\\SakthivelKamal\\.dbt', 'send_anonymous_usage_stats': True, 'event_buffer_size': 100000, 'quiet': False, 'no_print': False, 'project_name': 'demo_dbt', 'skip_profile_setup': False, 'which': 'init', 'indirect_selection': 'eager'}
[0m11:30:28.060764 [debug] [MainThread]: Tracking: tracking
[0m11:30:28.081463 [debug] [MainThread]: Sending event: {'category': 'dbt', 'action': 'invocation', 'label': 'start', 'context': [<snowplow_tracker.self_describing_json.SelfDescribingJson object at 0x000001C88C59EC50>, <snowplow_tracker.self_describing_json.SelfDescribingJson object at 0x000001C88C59F0A0>, <snowplow_tracker.self_describing_json.SelfDescribingJson object at 0x000001C88C59EE90>]}
[0m11:30:28.082511 [info ] [MainThread]: Creating dbt configuration folder at C:\Users\SakthivelKamal\.dbt
[0m11:30:28.085019 [debug] [MainThread]: Starter project path: C:\Users\SakthivelKamal\AppData\Local\Programs\Python\Python310\lib\site-packages\dbt\include\starter_project
[0m11:38:54.396209 [info ] [MainThread]: Profile demo_dbt written to C:\Users\SakthivelKamal\.dbt\profiles.yml using target's profile_template.yml and your supplied values. Run 'dbt debug' to validate the connection.
[0m11:38:54.397209 [info ] [MainThread]: 
Your new dbt project "demo_dbt" was created!

For more information on how to configure the profiles.yml file,
please consult the dbt documentation here:

  https://docs.getdbt.com/docs/configure-your-profile

One more thing:

Need help? Don't hesitate to reach out to us via GitHub issues or on Slack:

  https://community.getdbt.com/

Happy modeling!

[0m11:38:54.398210 [debug] [MainThread]: Sending event: {'category': 'dbt', 'action': 'invocation', 'label': 'end', 'context': [<snowplow_tracker.self_describing_json.SelfDescribingJson object at 0x000001C88C53FEB0>, <snowplow_tracker.self_describing_json.SelfDescribingJson object at 0x000001C88C53F430>, <snowplow_tracker.self_describing_json.SelfDescribingJson object at 0x000001C88C53E3E0>]}
[0m11:38:54.398210 [debug] [MainThread]: Flushing usage events


============================== 2022-08-29 12:36:25.465705 | 01e27f61-229a-4134-84c9-8142b199d76f ==============================
[0m12:36:25.465705 [info ] [MainThread]: Running with dbt=1.2.1
[0m12:36:25.465705 [debug] [MainThread]: running dbt with arguments {'write_json': True, 'use_colors': True, 'printer_width': 80, 'version_check': True, 'partial_parse': True, 'static_parser': True, 'profiles_dir': 'C:\\Users\\SakthivelKamal\\.dbt', 'send_anonymous_usage_stats': True, 'event_buffer_size': 100000, 'quiet': False, 'no_print': False, 'config_dir': False, 'which': 'debug', 'indirect_selection': 'eager'}
[0m12:36:25.466694 [debug] [MainThread]: Tracking: tracking
[0m12:36:25.488505 [debug] [MainThread]: Sending event: {'category': 'dbt', 'action': 'invocation', 'label': 'start', 'context': [<snowplow_tracker.self_describing_json.SelfDescribingJson object at 0x000001CD611D2890>, <snowplow_tracker.self_describing_json.SelfDescribingJson object at 0x000001CD611D1BD0>, <snowplow_tracker.self_describing_json.SelfDescribingJson object at 0x000001CD611D3130>]}
[0m12:36:25.878517 [debug] [MainThread]: Executing "git --help"
[0m12:36:25.921708 [debug] [MainThread]: STDOUT: "b"usage: git [-v | --version] [-h | --help] [-C <path>] [-c <name>=<value>]\n           [--exec-path[=<path>]] [--html-path] [--man-path] [--info-path]\n           [-p | --paginate | -P | --no-pager] [--no-replace-objects] [--bare]\n           [--git-dir=<path>] [--work-tree=<path>] [--namespace=<name>]\n           [--super-prefix=<path>] [--config-env=<name>=<envvar>]\n           <command> [<args>]\n\nThese are common Git commands used in various situations:\n\nstart a working area (see also: git help tutorial)\n   clone     Clone a repository into a new directory\n   init      Create an empty Git repository or reinitialize an existing one\n\nwork on the current change (see also: git help everyday)\n   add       Add file contents to the index\n   mv        Move or rename a file, a directory, or a symlink\n   restore   Restore working tree files\n   rm        Remove files from the working tree and from the index\n\nexamine the history and state (see also: git help revisions)\n   bisect    Use binary search to find the commit that introduced a bug\n   diff      Show changes between commits, commit and working tree, etc\n   grep      Print lines matching a pattern\n   log       Show commit logs\n   show      Show various types of objects\n   status    Show the working tree status\n\ngrow, mark and tweak your common history\n   branch    List, create, or delete branches\n   commit    Record changes to the repository\n   merge     Join two or more development histories together\n   rebase    Reapply commits on top of another base tip\n   reset     Reset current HEAD to the specified state\n   switch    Switch branches\n   tag       Create, list, delete or verify a tag object signed with GPG\n\ncollaborate (see also: git help workflows)\n   fetch     Download objects and refs from another repository\n   pull      Fetch from and integrate with another repository or a local branch\n   push      Update remote refs along with associated objects\n\n'git help -a' and 'git help -g' list available subcommands and some\nconcept guides. See 'git help <command>' or 'git help <concept>'\nto read about a specific subcommand or concept.\nSee 'git help git' for an overview of the system.\n""
[0m12:36:25.921708 [debug] [MainThread]: STDERR: "b''"
[0m12:36:25.924616 [debug] [MainThread]: Acquiring new snowflake connection "debug"
[0m12:36:25.925629 [debug] [MainThread]: Using snowflake connection "debug"
[0m12:36:25.925629 [debug] [MainThread]: On debug: select 1 as id
[0m12:36:25.925629 [debug] [MainThread]: Opening a new connection, currently in state init
[0m12:36:36.066459 [debug] [MainThread]: Snowflake adapter: Got an error when attempting to open a snowflake connection. No retries attempted: '250001: Could not connect to Snowflake backend after 0 attempt(s).Aborting'
[0m12:36:36.066459 [debug] [MainThread]: Snowflake adapter: Error running SQL: select 1 as id
[0m12:36:36.067479 [debug] [MainThread]: Snowflake adapter: Rolling back transaction.
[0m12:36:36.067479 [debug] [MainThread]: On debug: No close available on handle
[0m12:36:36.072277 [debug] [MainThread]: Sending event: {'category': 'dbt', 'action': 'invocation', 'label': 'end', 'context': [<snowplow_tracker.self_describing_json.SelfDescribingJson object at 0x000001CD61EAD720>, <snowplow_tracker.self_describing_json.SelfDescribingJson object at 0x000001CD61EAD660>, <snowplow_tracker.self_describing_json.SelfDescribingJson object at 0x000001CD61EAF370>]}
[0m12:36:36.072277 [debug] [MainThread]: Flushing usage events
[0m12:36:37.367185 [debug] [MainThread]: Connection 'debug' was properly closed.


============================== 2022-08-29 12:43:47.345781 | 0c7b9f02-b2f0-47e4-b2fa-8c2384223744 ==============================
[0m12:43:47.345781 [info ] [MainThread]: Running with dbt=1.2.1
[0m12:43:47.346772 [debug] [MainThread]: running dbt with arguments {'write_json': True, 'use_colors': True, 'printer_width': 80, 'version_check': True, 'partial_parse': True, 'static_parser': True, 'profiles_dir': 'C:\\Users\\SakthivelKamal\\.dbt', 'send_anonymous_usage_stats': True, 'event_buffer_size': 100000, 'quiet': False, 'no_print': False, 'config_dir': False, 'which': 'debug', 'indirect_selection': 'eager'}
[0m12:43:47.346772 [debug] [MainThread]: Tracking: tracking
[0m12:43:47.378441 [debug] [MainThread]: Sending event: {'category': 'dbt', 'action': 'invocation', 'label': 'start', 'context': [<snowplow_tracker.self_describing_json.SelfDescribingJson object at 0x0000017972B8A8C0>, <snowplow_tracker.self_describing_json.SelfDescribingJson object at 0x0000017972B89C00>, <snowplow_tracker.self_describing_json.SelfDescribingJson object at 0x0000017972B8B160>]}
[0m12:43:47.748569 [debug] [MainThread]: Executing "git --help"
[0m12:43:47.798810 [debug] [MainThread]: STDOUT: "b"usage: git [-v | --version] [-h | --help] [-C <path>] [-c <name>=<value>]\n           [--exec-path[=<path>]] [--html-path] [--man-path] [--info-path]\n           [-p | --paginate | -P | --no-pager] [--no-replace-objects] [--bare]\n           [--git-dir=<path>] [--work-tree=<path>] [--namespace=<name>]\n           [--super-prefix=<path>] [--config-env=<name>=<envvar>]\n           <command> [<args>]\n\nThese are common Git commands used in various situations:\n\nstart a working area (see also: git help tutorial)\n   clone     Clone a repository into a new directory\n   init      Create an empty Git repository or reinitialize an existing one\n\nwork on the current change (see also: git help everyday)\n   add       Add file contents to the index\n   mv        Move or rename a file, a directory, or a symlink\n   restore   Restore working tree files\n   rm        Remove files from the working tree and from the index\n\nexamine the history and state (see also: git help revisions)\n   bisect    Use binary search to find the commit that introduced a bug\n   diff      Show changes between commits, commit and working tree, etc\n   grep      Print lines matching a pattern\n   log       Show commit logs\n   show      Show various types of objects\n   status    Show the working tree status\n\ngrow, mark and tweak your common history\n   branch    List, create, or delete branches\n   commit    Record changes to the repository\n   merge     Join two or more development histories together\n   rebase    Reapply commits on top of another base tip\n   reset     Reset current HEAD to the specified state\n   switch    Switch branches\n   tag       Create, list, delete or verify a tag object signed with GPG\n\ncollaborate (see also: git help workflows)\n   fetch     Download objects and refs from another repository\n   pull      Fetch from and integrate with another repository or a local branch\n   push      Update remote refs along with associated objects\n\n'git help -a' and 'git help -g' list available subcommands and some\nconcept guides. See 'git help <command>' or 'git help <concept>'\nto read about a specific subcommand or concept.\nSee 'git help git' for an overview of the system.\n""
[0m12:43:47.798810 [debug] [MainThread]: STDERR: "b''"
[0m12:43:47.801365 [debug] [MainThread]: Acquiring new snowflake connection "debug"
[0m12:43:47.802365 [debug] [MainThread]: Using snowflake connection "debug"
[0m12:43:47.803365 [debug] [MainThread]: On debug: select 1 as id
[0m12:43:47.803365 [debug] [MainThread]: Opening a new connection, currently in state init
[0m12:43:59.958382 [debug] [MainThread]: Snowflake adapter: Got an error when attempting to open a snowflake connection. No retries attempted: '250001: Could not connect to Snowflake backend after 0 attempt(s).Aborting'
[0m12:43:59.959311 [debug] [MainThread]: Snowflake adapter: Error running SQL: select 1 as id
[0m12:43:59.959311 [debug] [MainThread]: Snowflake adapter: Rolling back transaction.
[0m12:43:59.960380 [debug] [MainThread]: On debug: No close available on handle
[0m12:43:59.965310 [debug] [MainThread]: Sending event: {'category': 'dbt', 'action': 'invocation', 'label': 'end', 'context': [<snowplow_tracker.self_describing_json.SelfDescribingJson object at 0x00000179738A6DD0>, <snowplow_tracker.self_describing_json.SelfDescribingJson object at 0x00000179738A4C70>, <snowplow_tracker.self_describing_json.SelfDescribingJson object at 0x00000179738A4C40>]}
[0m12:43:59.966312 [debug] [MainThread]: Flushing usage events
[0m12:44:00.884423 [debug] [MainThread]: Connection 'debug' was properly closed.


============================== 2022-08-29 12:46:37.094443 | 94fcf208-f2a7-4dbb-a229-f7dc5fa6c121 ==============================
[0m12:46:37.094443 [info ] [MainThread]: Running with dbt=1.2.1
[0m12:46:37.095501 [debug] [MainThread]: running dbt with arguments {'write_json': True, 'use_colors': True, 'printer_width': 80, 'version_check': True, 'partial_parse': True, 'static_parser': True, 'profiles_dir': 'C:\\Users\\SakthivelKamal\\.dbt', 'send_anonymous_usage_stats': True, 'event_buffer_size': 100000, 'quiet': False, 'no_print': False, 'config_dir': False, 'which': 'debug', 'indirect_selection': 'eager'}
[0m12:46:37.095501 [debug] [MainThread]: Tracking: tracking
[0m12:46:37.116210 [debug] [MainThread]: Sending event: {'category': 'dbt', 'action': 'invocation', 'label': 'start', 'context': [<snowplow_tracker.self_describing_json.SelfDescribingJson object at 0x000001C6DE81EF80>, <snowplow_tracker.self_describing_json.SelfDescribingJson object at 0x000001C6DE81DC90>, <snowplow_tracker.self_describing_json.SelfDescribingJson object at 0x000001C6DE81F520>]}
[0m12:46:37.495126 [debug] [MainThread]: Executing "git --help"
[0m12:46:37.550234 [debug] [MainThread]: STDOUT: "b"usage: git [-v | --version] [-h | --help] [-C <path>] [-c <name>=<value>]\n           [--exec-path[=<path>]] [--html-path] [--man-path] [--info-path]\n           [-p | --paginate | -P | --no-pager] [--no-replace-objects] [--bare]\n           [--git-dir=<path>] [--work-tree=<path>] [--namespace=<name>]\n           [--super-prefix=<path>] [--config-env=<name>=<envvar>]\n           <command> [<args>]\n\nThese are common Git commands used in various situations:\n\nstart a working area (see also: git help tutorial)\n   clone     Clone a repository into a new directory\n   init      Create an empty Git repository or reinitialize an existing one\n\nwork on the current change (see also: git help everyday)\n   add       Add file contents to the index\n   mv        Move or rename a file, a directory, or a symlink\n   restore   Restore working tree files\n   rm        Remove files from the working tree and from the index\n\nexamine the history and state (see also: git help revisions)\n   bisect    Use binary search to find the commit that introduced a bug\n   diff      Show changes between commits, commit and working tree, etc\n   grep      Print lines matching a pattern\n   log       Show commit logs\n   show      Show various types of objects\n   status    Show the working tree status\n\ngrow, mark and tweak your common history\n   branch    List, create, or delete branches\n   commit    Record changes to the repository\n   merge     Join two or more development histories together\n   rebase    Reapply commits on top of another base tip\n   reset     Reset current HEAD to the specified state\n   switch    Switch branches\n   tag       Create, list, delete or verify a tag object signed with GPG\n\ncollaborate (see also: git help workflows)\n   fetch     Download objects and refs from another repository\n   pull      Fetch from and integrate with another repository or a local branch\n   push      Update remote refs along with associated objects\n\n'git help -a' and 'git help -g' list available subcommands and some\nconcept guides. See 'git help <command>' or 'git help <concept>'\nto read about a specific subcommand or concept.\nSee 'git help git' for an overview of the system.\n""
[0m12:46:37.551238 [debug] [MainThread]: STDERR: "b''"
[0m12:46:37.555750 [debug] [MainThread]: Acquiring new snowflake connection "debug"
[0m12:46:37.556851 [debug] [MainThread]: Using snowflake connection "debug"
[0m12:46:37.557854 [debug] [MainThread]: On debug: select 1 as id
[0m12:46:37.557854 [debug] [MainThread]: Opening a new connection, currently in state init
[0m12:46:47.692585 [debug] [MainThread]: Snowflake adapter: Got an error when attempting to open a snowflake connection. No retries attempted: '250001: Could not connect to Snowflake backend after 0 attempt(s).Aborting'
[0m12:46:47.693612 [debug] [MainThread]: Snowflake adapter: Error running SQL: select 1 as id
[0m12:46:47.693612 [debug] [MainThread]: Snowflake adapter: Rolling back transaction.
[0m12:46:47.694511 [debug] [MainThread]: On debug: No close available on handle
[0m12:46:47.698506 [debug] [MainThread]: Sending event: {'category': 'dbt', 'action': 'invocation', 'label': 'end', 'context': [<snowplow_tracker.self_describing_json.SelfDescribingJson object at 0x000001C6DF546D70>, <snowplow_tracker.self_describing_json.SelfDescribingJson object at 0x000001C6DF547940>, <snowplow_tracker.self_describing_json.SelfDescribingJson object at 0x000001C6DF544C40>]}
[0m12:46:47.698506 [debug] [MainThread]: Flushing usage events
[0m12:46:48.928892 [debug] [MainThread]: Connection 'debug' was properly closed.


============================== 2022-08-29 13:06:17.971589 | 8fa3f3ae-01d8-4b69-b55d-9e9df63c1d07 ==============================
[0m13:06:17.971589 [info ] [MainThread]: Running with dbt=1.2.1
[0m13:06:17.971589 [debug] [MainThread]: running dbt with arguments {'write_json': True, 'use_colors': True, 'printer_width': 80, 'version_check': True, 'partial_parse': True, 'static_parser': True, 'profiles_dir': 'C:\\Users\\SakthivelKamal\\.dbt', 'send_anonymous_usage_stats': True, 'event_buffer_size': 100000, 'quiet': False, 'no_print': False, 'config_dir': False, 'which': 'debug', 'indirect_selection': 'eager'}
[0m13:06:17.971589 [debug] [MainThread]: Tracking: tracking
[0m13:06:18.003985 [debug] [MainThread]: Sending event: {'category': 'dbt', 'action': 'invocation', 'label': 'start', 'context': [<snowplow_tracker.self_describing_json.SelfDescribingJson object at 0x0000019D1C8E2F20>, <snowplow_tracker.self_describing_json.SelfDescribingJson object at 0x0000019D1C8E1D80>, <snowplow_tracker.self_describing_json.SelfDescribingJson object at 0x0000019D1C8E2F80>]}
[0m13:06:18.358572 [debug] [MainThread]: Executing "git --help"
[0m13:06:18.411636 [debug] [MainThread]: STDOUT: "b"usage: git [-v | --version] [-h | --help] [-C <path>] [-c <name>=<value>]\n           [--exec-path[=<path>]] [--html-path] [--man-path] [--info-path]\n           [-p | --paginate | -P | --no-pager] [--no-replace-objects] [--bare]\n           [--git-dir=<path>] [--work-tree=<path>] [--namespace=<name>]\n           [--super-prefix=<path>] [--config-env=<name>=<envvar>]\n           <command> [<args>]\n\nThese are common Git commands used in various situations:\n\nstart a working area (see also: git help tutorial)\n   clone     Clone a repository into a new directory\n   init      Create an empty Git repository or reinitialize an existing one\n\nwork on the current change (see also: git help everyday)\n   add       Add file contents to the index\n   mv        Move or rename a file, a directory, or a symlink\n   restore   Restore working tree files\n   rm        Remove files from the working tree and from the index\n\nexamine the history and state (see also: git help revisions)\n   bisect    Use binary search to find the commit that introduced a bug\n   diff      Show changes between commits, commit and working tree, etc\n   grep      Print lines matching a pattern\n   log       Show commit logs\n   show      Show various types of objects\n   status    Show the working tree status\n\ngrow, mark and tweak your common history\n   branch    List, create, or delete branches\n   commit    Record changes to the repository\n   merge     Join two or more development histories together\n   rebase    Reapply commits on top of another base tip\n   reset     Reset current HEAD to the specified state\n   switch    Switch branches\n   tag       Create, list, delete or verify a tag object signed with GPG\n\ncollaborate (see also: git help workflows)\n   fetch     Download objects and refs from another repository\n   pull      Fetch from and integrate with another repository or a local branch\n   push      Update remote refs along with associated objects\n\n'git help -a' and 'git help -g' list available subcommands and some\nconcept guides. See 'git help <command>' or 'git help <concept>'\nto read about a specific subcommand or concept.\nSee 'git help git' for an overview of the system.\n""
[0m13:06:18.412635 [debug] [MainThread]: STDERR: "b''"
[0m13:06:18.414677 [debug] [MainThread]: Acquiring new snowflake connection "debug"
[0m13:06:18.415678 [debug] [MainThread]: Using snowflake connection "debug"
[0m13:06:18.415678 [debug] [MainThread]: On debug: select 1 as id
[0m13:06:18.415678 [debug] [MainThread]: Opening a new connection, currently in state init
[0m13:06:28.563506 [debug] [MainThread]: Snowflake adapter: Got an error when attempting to open a snowflake connection. No retries attempted: '250001: Could not connect to Snowflake backend after 0 attempt(s).Aborting'
[0m13:06:28.564507 [debug] [MainThread]: Snowflake adapter: Error running SQL: select 1 as id
[0m13:06:28.565512 [debug] [MainThread]: Snowflake adapter: Rolling back transaction.
[0m13:06:28.566507 [debug] [MainThread]: On debug: No close available on handle
[0m13:06:28.574438 [debug] [MainThread]: Sending event: {'category': 'dbt', 'action': 'invocation', 'label': 'end', 'context': [<snowplow_tracker.self_describing_json.SelfDescribingJson object at 0x0000019D1D5FAD40>, <snowplow_tracker.self_describing_json.SelfDescribingJson object at 0x0000019D1D5FB940>, <snowplow_tracker.self_describing_json.SelfDescribingJson object at 0x0000019D1D5F8C40>]}
[0m13:06:28.575438 [debug] [MainThread]: Flushing usage events
[0m13:06:29.599825 [debug] [MainThread]: Connection 'debug' was properly closed.
